  [4;36;1mSQL (0.3ms)[0m   [0;1m SELECT name
 FROM sqlite_master
 WHERE type = 'table' AND NOT name = 'sqlite_sequence'
[0m
  [4;35;1mSQL (0.1ms)[0m   [0mselect sqlite_version(*)[0m
  [4;36;1mSQL (0.8ms)[0m   [0;1mCREATE TABLE "schema_migrations" ("version" varchar(255) NOT NULL) [0m
  [4;35;1mSQL (0.6ms)[0m   [0mCREATE UNIQUE INDEX "unique_schema_migrations" ON "schema_migrations" ("version")[0m
  [4;36;1mSQL (0.1ms)[0m   [0;1m SELECT name
 FROM sqlite_master
 WHERE type = 'table' AND NOT name = 'sqlite_sequence'
[0m
  [4;35;1mSQL (0.1ms)[0m   [0mSELECT version FROM schema_migrations[0m
Migrating to CreateTasks (20100309043500)
  [4;36;1mSQL (0.5ms)[0m   [0;1mCREATE TABLE "tasks" ("id" INTEGER PRIMARY KEY AUTOINCREMENT NOT NULL, "created_at" datetime, "updated_at" datetime) [0m
  [4;35;1mSQL (0.1ms)[0m   [0mINSERT INTO schema_migrations (version) VALUES ('20100309043500')[0m
  [4;36;1mSQL (0.3ms)[0m   [0;1m SELECT name
 FROM sqlite_master
 WHERE type = 'table' AND NOT name = 'sqlite_sequence'
[0m
  [4;35;1mSQL (0.1ms)[0m   [0mSELECT version FROM schema_migrations[0m
  [4;36;1mSQL (0.1ms)[0m   [0;1m SELECT name
 FROM sqlite_master
 WHERE type = 'table' AND NOT name = 'sqlite_sequence'
[0m
  [4;35;1mSQL (0.1ms)[0m   [0mPRAGMA index_list("tasks")[0m
  [4;36;1mSQL (0.2ms)[0m   [0;1m SELECT name
 FROM sqlite_master
 WHERE type = 'table' AND NOT name = 'sqlite_sequence'
[0m
  [4;35;1mSQL (0.1ms)[0m   [0mselect sqlite_version(*)[0m
  [4;36;1mSQL (6.2ms)[0m   [0;1mCREATE TABLE "schema_migrations" ("version" varchar(255) NOT NULL) [0m
  [4;35;1mSQL (0.7ms)[0m   [0mCREATE UNIQUE INDEX "unique_schema_migrations" ON "schema_migrations" ("version")[0m
  [4;36;1mSQL (0.2ms)[0m   [0;1m SELECT name
 FROM sqlite_master
 WHERE type = 'table' AND NOT name = 'sqlite_sequence'
[0m
  [4;35;1mSQL (0.1ms)[0m   [0mSELECT version FROM schema_migrations[0m
Migrating to CreateTasks (20100309044502)
  [4;36;1mSQL (0.5ms)[0m   [0;1mCREATE TABLE "tasks" ("id" INTEGER PRIMARY KEY AUTOINCREMENT NOT NULL, "description" varchar(255), "start" date, "created_at" datetime, "updated_at" datetime) [0m
  [4;35;1mSQL (0.1ms)[0m   [0mINSERT INTO schema_migrations (version) VALUES ('20100309044502')[0m
  [4;36;1mSQL (0.3ms)[0m   [0;1m SELECT name
 FROM sqlite_master
 WHERE type = 'table' AND NOT name = 'sqlite_sequence'
[0m
  [4;35;1mSQL (0.1ms)[0m   [0mSELECT version FROM schema_migrations[0m
  [4;36;1mSQL (0.1ms)[0m   [0;1m SELECT name
 FROM sqlite_master
 WHERE type = 'table' AND NOT name = 'sqlite_sequence'
[0m
  [4;35;1mSQL (0.1ms)[0m   [0mPRAGMA index_list("tasks")[0m


Processing ApplicationController#index (for 127.0.0.1 at 2010-03-08 23:45:42) [GET]

ActionController::RoutingError (No route matches "/task" with {:method=>:get}):
  <internal:prelude>:8:in `synchronize'
  /usr/local/lib/ruby19/1.9.1/webrick/httpserver.rb:111:in `service'
  /usr/local/lib/ruby19/1.9.1/webrick/httpserver.rb:70:in `run'
  /usr/local/lib/ruby19/1.9.1/webrick/server.rb:183:in `block in start_thread'

Rendering rescues/layout (not_found)


Processing TasksController#index (for 127.0.0.1 at 2010-03-08 23:45:57) [GET]
  [4;36;1mTask Load (0.4ms)[0m   [0;1mSELECT * FROM "tasks" [0m
Rendering template within layouts/tasks
Rendering tasks/index
Completed in 405ms (View: 400, DB: 0) | 200 OK [http://localhost/tasks]


Processing TasksController#new (for 127.0.0.1 at 2010-03-08 23:46:00) [GET]
Rendering template within layouts/tasks
Rendering tasks/new
Completed in 127ms (View: 91, DB: 0) | 200 OK [http://localhost/tasks/new]


Processing TasksController#create (for 127.0.0.1 at 2010-03-08 23:46:07) [POST]
  Parameters: {"authenticity_token"=>"3AACg6qYoZrVCQtEZV2kno792tufwo5C7/4pgC7rFx4=", "task"=>{"description"=>"Wash the Car", "start(1i)"=>"2010", "start(2i)"=>"3", "start(3i)"=>"9"}, "commit"=>"Create"}
  [4;35;1mTask Create (0.4ms)[0m   [0mINSERT INTO "tasks" ("description", "start", "created_at", "updated_at") VALUES('Wash the Car', '2010-03-09', '2010-03-09 04:46:07', '2010-03-09 04:46:07')[0m
Redirected to http://localhost:3000/tasks/1
Completed in 9ms (DB: 0) | 302 Found [http://localhost/tasks]


Processing TasksController#show (for 127.0.0.1 at 2010-03-08 23:46:07) [GET]
  Parameters: {"id"=>"1"}
  [4;36;1mTask Load (0.2ms)[0m   [0;1mSELECT * FROM "tasks" WHERE ("tasks"."id" = 1) [0m
Rendering template within layouts/tasks
Rendering tasks/show
Completed in 15ms (View: 10, DB: 0) | 200 OK [http://localhost/tasks/1]


Processing TasksController#index (for 127.0.0.1 at 2010-03-08 23:46:09) [GET]
  [4;35;1mTask Load (0.4ms)[0m   [0mSELECT * FROM "tasks" [0m
Rendering template within layouts/tasks
Rendering tasks/index
Completed in 8ms (View: 4, DB: 0) | 200 OK [http://localhost/tasks]


Processing TasksController#new (for 127.0.0.1 at 2010-03-08 23:46:10) [GET]
Rendering template within layouts/tasks
Rendering tasks/new
Completed in 11ms (View: 7, DB: 0) | 200 OK [http://localhost/tasks/new]


Processing TasksController#create (for 127.0.0.1 at 2010-03-08 23:46:18) [POST]
  Parameters: {"authenticity_token"=>"3AACg6qYoZrVCQtEZV2kno792tufwo5C7/4pgC7rFx4=", "task"=>{"description"=>"Read a book", "start(1i)"=>"2010", "start(2i)"=>"7", "start(3i)"=>"9"}, "commit"=>"Create"}
  [4;36;1mTask Create (0.4ms)[0m   [0;1mINSERT INTO "tasks" ("description", "start", "created_at", "updated_at") VALUES('Read a book', '2010-07-09', '2010-03-09 04:46:18', '2010-03-09 04:46:18')[0m
Redirected to http://localhost:3000/tasks/2
Completed in 10ms (DB: 0) | 302 Found [http://localhost/tasks]


Processing TasksController#show (for 127.0.0.1 at 2010-03-08 23:46:18) [GET]
  Parameters: {"id"=>"2"}
  [4;35;1mTask Load (0.2ms)[0m   [0mSELECT * FROM "tasks" WHERE ("tasks"."id" = 2) [0m
Rendering template within layouts/tasks
Rendering tasks/show
Completed in 8ms (View: 3, DB: 0) | 200 OK [http://localhost/tasks/2]


Processing TasksController#index (for 127.0.0.1 at 2010-03-08 23:46:20) [GET]
  [4;36;1mTask Load (0.5ms)[0m   [0;1mSELECT * FROM "tasks" [0m
Rendering template within layouts/tasks
Rendering tasks/index
Completed in 9ms (View: 5, DB: 0) | 200 OK [http://localhost/tasks]
